<?xml version="1.0" encoding="UTF-8"?>
<testsuite name="com.SEA.practice.PracticeApplicationTests" tests="10" skipped="0" failures="0" errors="0" timestamp="2020-08-14T05:20:48" hostname="yichis-MacBook-Pro.local" time="0.536">
  <properties/>
  <testcase name="shouldReturnNoSuchRouteMessageExactlyAtoEtoD()" classname="com.SEA.practice.PracticeApplicationTests" time="0.493"/>
  <testcase name="shouldFindAllPathsFromCtoCWithMaxDistance30()" classname="com.SEA.practice.PracticeApplicationTests" time="0.01"/>
  <testcase name="shouldFindAllPathsFromAtoCWithFourStops()" classname="com.SEA.practice.PracticeApplicationTests" time="0.003"/>
  <testcase name="shouldReturnPathDistanceExactlyAtoBtoC()" classname="com.SEA.practice.PracticeApplicationTests" time="0.003"/>
  <testcase name="shouldReturnPathDistanceExactlyAtoDtoC()" classname="com.SEA.practice.PracticeApplicationTests" time="0.002"/>
  <testcase name="shouldReturnShortestDistanceFromAtoC()" classname="com.SEA.practice.PracticeApplicationTests" time="0.003"/>
  <testcase name="shouldReturnShortestDistanceFromBtoB()" classname="com.SEA.practice.PracticeApplicationTests" time="0.003"/>
  <testcase name="shouldReturnPathDistanceExactlyAtoD()" classname="com.SEA.practice.PracticeApplicationTests" time="0.003"/>
  <testcase name="shouldReturnPathDistanceExactlyAtoEtoBtoCtoD()" classname="com.SEA.practice.PracticeApplicationTests" time="0.003"/>
  <testcase name="shouldReturnNumberOfRoutesFromCtoCWithMaximumThreeStops()" classname="com.SEA.practice.PracticeApplicationTests" time="0.003"/>
  <system-out><![CDATA[13:20:46.650 [Test worker] DEBUG org.springframework.test.context.BootstrapUtils - Instantiating CacheAwareContextLoaderDelegate from class [org.springframework.test.context.cache.DefaultCacheAwareContextLoaderDelegate]
13:20:46.671 [Test worker] DEBUG org.springframework.test.context.BootstrapUtils - Instantiating BootstrapContext using constructor [public org.springframework.test.context.support.DefaultBootstrapContext(java.lang.Class,org.springframework.test.context.CacheAwareContextLoaderDelegate)]
13:20:46.709 [Test worker] DEBUG org.springframework.test.context.BootstrapUtils - Instantiating TestContextBootstrapper for test class [com.SEA.practice.PracticeApplicationTests] from class [org.springframework.boot.test.context.SpringBootTestContextBootstrapper]
13:20:46.741 [Test worker] INFO org.springframework.boot.test.context.SpringBootTestContextBootstrapper - Neither @ContextConfiguration nor @ContextHierarchy found for test class [com.SEA.practice.PracticeApplicationTests], using SpringBootContextLoader
13:20:46.746 [Test worker] DEBUG org.springframework.test.context.support.AbstractContextLoader - Did not detect default resource location for test class [com.SEA.practice.PracticeApplicationTests]: class path resource [com/SEA/practice/PracticeApplicationTests-context.xml] does not exist
13:20:46.747 [Test worker] DEBUG org.springframework.test.context.support.AbstractContextLoader - Did not detect default resource location for test class [com.SEA.practice.PracticeApplicationTests]: class path resource [com/SEA/practice/PracticeApplicationTestsContext.groovy] does not exist
13:20:46.747 [Test worker] INFO org.springframework.test.context.support.AbstractContextLoader - Could not detect default resource locations for test class [com.SEA.practice.PracticeApplicationTests]: no resource found for suffixes {-context.xml, Context.groovy}.
13:20:46.748 [Test worker] INFO org.springframework.test.context.support.AnnotationConfigContextLoaderUtils - Could not detect default configuration classes for test class [com.SEA.practice.PracticeApplicationTests]: PracticeApplicationTests does not declare any static, non-private, non-final, nested classes annotated with @Configuration.
13:20:46.794 [Test worker] DEBUG org.springframework.test.context.support.ActiveProfilesUtils - Could not find an 'annotation declaring class' for annotation type [org.springframework.test.context.ActiveProfiles] and class [com.SEA.practice.PracticeApplicationTests]
13:20:46.876 [Test worker] DEBUG org.springframework.context.annotation.ClassPathScanningCandidateComponentProvider - Identified candidate component class: file [/Users/zycsustc/workspace/shortestDistance/build/classes/java/main/com/SEA/practice/PracticeApplication.class]
13:20:46.892 [Test worker] INFO org.springframework.boot.test.context.SpringBootTestContextBootstrapper - Found @SpringBootConfiguration com.SEA.practice.PracticeApplication for test class com.SEA.practice.PracticeApplicationTests
13:20:47.008 [Test worker] DEBUG org.springframework.boot.test.context.SpringBootTestContextBootstrapper - @TestExecutionListeners is not present for class [com.SEA.practice.PracticeApplicationTests]: using defaults.
13:20:47.009 [Test worker] INFO org.springframework.boot.test.context.SpringBootTestContextBootstrapper - Loaded default TestExecutionListener class names from location [META-INF/spring.factories]: [org.springframework.boot.test.autoconfigure.restdocs.RestDocsTestExecutionListener, org.springframework.boot.test.autoconfigure.web.client.MockRestServiceServerResetTestExecutionListener, org.springframework.boot.test.autoconfigure.web.servlet.MockMvcPrintOnlyOnFailureTestExecutionListener, org.springframework.boot.test.autoconfigure.web.servlet.WebDriverTestExecutionListener, org.springframework.boot.test.autoconfigure.webservices.client.MockWebServiceServerTestExecutionListener, org.springframework.boot.test.mock.mockito.MockitoTestExecutionListener, org.springframework.boot.test.mock.mockito.ResetMocksTestExecutionListener, org.springframework.test.context.web.ServletTestExecutionListener, org.springframework.test.context.support.DirtiesContextBeforeModesTestExecutionListener, org.springframework.test.context.support.DependencyInjectionTestExecutionListener, org.springframework.test.context.support.DirtiesContextTestExecutionListener, org.springframework.test.context.transaction.TransactionalTestExecutionListener, org.springframework.test.context.jdbc.SqlScriptsTestExecutionListener, org.springframework.test.context.event.EventPublishingTestExecutionListener]
13:20:47.024 [Test worker] DEBUG org.springframework.boot.test.context.SpringBootTestContextBootstrapper - Skipping candidate TestExecutionListener [org.springframework.test.context.transaction.TransactionalTestExecutionListener] due to a missing dependency. Specify custom listener classes or make the default listener classes and their required dependencies available. Offending class: [org/springframework/transaction/interceptor/TransactionAttributeSource]
13:20:47.025 [Test worker] DEBUG org.springframework.boot.test.context.SpringBootTestContextBootstrapper - Skipping candidate TestExecutionListener [org.springframework.test.context.jdbc.SqlScriptsTestExecutionListener] due to a missing dependency. Specify custom listener classes or make the default listener classes and their required dependencies available. Offending class: [org/springframework/transaction/interceptor/TransactionAttribute]
13:20:47.025 [Test worker] INFO org.springframework.boot.test.context.SpringBootTestContextBootstrapper - Using TestExecutionListeners: [org.springframework.test.context.web.ServletTestExecutionListener@36ba2221, org.springframework.test.context.support.DirtiesContextBeforeModesTestExecutionListener@393fe381, org.springframework.boot.test.mock.mockito.MockitoTestExecutionListener@4735eb3e, org.springframework.boot.test.autoconfigure.SpringBootDependencyInjectionTestExecutionListener@4a27d109, org.springframework.test.context.support.DirtiesContextTestExecutionListener@2deb4946, org.springframework.test.context.event.EventPublishingTestExecutionListener@6b0e9491, org.springframework.boot.test.autoconfigure.restdocs.RestDocsTestExecutionListener@30aeed5, org.springframework.boot.test.autoconfigure.web.client.MockRestServiceServerResetTestExecutionListener@7751d824, org.springframework.boot.test.autoconfigure.web.servlet.MockMvcPrintOnlyOnFailureTestExecutionListener@71ef1, org.springframework.boot.test.autoconfigure.web.servlet.WebDriverTestExecutionListener@1fb2a87c, org.springframework.boot.test.autoconfigure.webservices.client.MockWebServiceServerTestExecutionListener@4b9a9119, org.springframework.boot.test.mock.mockito.ResetMocksTestExecutionListener@3273f0b6]
13:20:47.030 [Test worker] DEBUG org.springframework.test.context.support.AbstractDirtiesContextTestExecutionListener - Before test class: context [DefaultTestContext@6673cf1f testClass = PracticeApplicationTests, testInstance = [null], testMethod = [null], testException = [null], mergedContextConfiguration = [WebMergedContextConfiguration@4530b79c testClass = PracticeApplicationTests, locations = '{}', classes = '{class com.SEA.practice.PracticeApplication}', contextInitializerClasses = '[]', activeProfiles = '{}', propertySourceLocations = '{}', propertySourceProperties = '{org.springframework.boot.test.context.SpringBootTestContextBootstrapper=true}', contextCustomizers = set[org.springframework.boot.test.autoconfigure.properties.PropertyMappingContextCustomizer@0, org.springframework.boot.test.autoconfigure.web.servlet.WebDriverContextCustomizerFactory$Customizer@7667397e, org.springframework.boot.test.context.filter.ExcludeFilterContextCustomizer@3e37b057, org.springframework.boot.test.json.DuplicateJsonObjectContextCustomizerFactory$DuplicateJsonObjectContextCustomizer@4e139ee3, org.springframework.boot.test.mock.mockito.MockitoContextCustomizer@0, org.springframework.boot.test.web.client.TestRestTemplateContextCustomizer@5d6aac25, org.springframework.boot.test.context.SpringBootTestArgs@1], resourceBasePath = 'src/main/webapp', contextLoader = 'org.springframework.boot.test.context.SpringBootContextLoader', parent = [null]], attributes = map['org.springframework.test.context.web.ServletTestExecutionListener.activateListener' -> true]], class annotated with @DirtiesContext [false] with mode [null].
13:20:47.058 [Test worker] DEBUG org.springframework.test.context.support.TestPropertySourceUtils - Adding inlined properties to environment: {spring.jmx.enabled=false, org.springframework.boot.test.context.SpringBootTestContextBootstrapper=true}

  .   ____          _            __ _ _
 /\\ / ___'_ __ _ _(_)_ __  __ _ \ \ \ \
( ( )\___ | '_ | '_| | '_ \/ _` | \ \ \ \
 \\/  ___)| |_)| | | | | || (_| |  ) ) ) )
  '  |____| .__|_| |_|_| |_\__, | / / / /
 =========|_|==============|___/=/_/_/_/
 :: Spring Boot ::        (v2.3.2.RELEASE)

2020-08-14 13:20:47.426  INFO 40272 --- [    Test worker] c.SEA.practice.PracticeApplicationTests  : Starting PracticeApplicationTests on yichis-MacBook-Pro.local with PID 40272 (started by zycsustc in /Users/zycsustc/workspace/shortestDistance)
2020-08-14 13:20:47.428  INFO 40272 --- [    Test worker] c.SEA.practice.PracticeApplicationTests  : No active profile set, falling back to default profiles: default
Test Data ready!
Test Data ready!
2020-08-14 13:20:48.657  INFO 40272 --- [    Test worker] o.s.s.concurrent.ThreadPoolTaskExecutor  : Initializing ExecutorService 'applicationTaskExecutor'
2020-08-14 13:20:48.924  INFO 40272 --- [    Test worker] c.SEA.practice.PracticeApplicationTests  : Started PracticeApplicationTests in 1.854 seconds (JVM running for 3.665)
]]></system-out>
  <system-err><![CDATA[]]></system-err>
</testsuite>
