<?xml version="1.0" encoding="UTF-8"?>
<testsuite name="com.SEA.practice.PracticeApplicationTests" tests="1" skipped="0" failures="0" errors="0" timestamp="2020-08-11T02:33:28" hostname="yichis-MacBook-Pro.local" time="0.431">
  <properties/>
  <testcase name="shouldReturnPathDistanceExactlyAtoBtoC()" classname="com.SEA.practice.PracticeApplicationTests" time="0.431"/>
  <system-out><![CDATA[10:33:26.849 [Test worker] DEBUG org.springframework.test.context.BootstrapUtils - Instantiating CacheAwareContextLoaderDelegate from class [org.springframework.test.context.cache.DefaultCacheAwareContextLoaderDelegate]
10:33:26.867 [Test worker] DEBUG org.springframework.test.context.BootstrapUtils - Instantiating BootstrapContext using constructor [public org.springframework.test.context.support.DefaultBootstrapContext(java.lang.Class,org.springframework.test.context.CacheAwareContextLoaderDelegate)]
10:33:26.909 [Test worker] DEBUG org.springframework.test.context.BootstrapUtils - Instantiating TestContextBootstrapper for test class [com.SEA.practice.PracticeApplicationTests] from class [org.springframework.boot.test.context.SpringBootTestContextBootstrapper]
10:33:26.925 [Test worker] INFO org.springframework.boot.test.context.SpringBootTestContextBootstrapper - Neither @ContextConfiguration nor @ContextHierarchy found for test class [com.SEA.practice.PracticeApplicationTests], using SpringBootContextLoader
10:33:26.928 [Test worker] DEBUG org.springframework.test.context.support.AbstractContextLoader - Did not detect default resource location for test class [com.SEA.practice.PracticeApplicationTests]: class path resource [com/SEA/practice/PracticeApplicationTests-context.xml] does not exist
10:33:26.929 [Test worker] DEBUG org.springframework.test.context.support.AbstractContextLoader - Did not detect default resource location for test class [com.SEA.practice.PracticeApplicationTests]: class path resource [com/SEA/practice/PracticeApplicationTestsContext.groovy] does not exist
10:33:26.929 [Test worker] INFO org.springframework.test.context.support.AbstractContextLoader - Could not detect default resource locations for test class [com.SEA.practice.PracticeApplicationTests]: no resource found for suffixes {-context.xml, Context.groovy}.
10:33:26.930 [Test worker] INFO org.springframework.test.context.support.AnnotationConfigContextLoaderUtils - Could not detect default configuration classes for test class [com.SEA.practice.PracticeApplicationTests]: PracticeApplicationTests does not declare any static, non-private, non-final, nested classes annotated with @Configuration.
10:33:26.975 [Test worker] DEBUG org.springframework.test.context.support.ActiveProfilesUtils - Could not find an 'annotation declaring class' for annotation type [org.springframework.test.context.ActiveProfiles] and class [com.SEA.practice.PracticeApplicationTests]
10:33:27.043 [Test worker] DEBUG org.springframework.context.annotation.ClassPathScanningCandidateComponentProvider - Identified candidate component class: file [/Users/zycsustc/workspace/practice/build/classes/java/main/com/SEA/practice/PracticeApplication.class]
10:33:27.044 [Test worker] INFO org.springframework.boot.test.context.SpringBootTestContextBootstrapper - Found @SpringBootConfiguration com.SEA.practice.PracticeApplication for test class com.SEA.practice.PracticeApplicationTests
10:33:27.138 [Test worker] DEBUG org.springframework.boot.test.context.SpringBootTestContextBootstrapper - @TestExecutionListeners is not present for class [com.SEA.practice.PracticeApplicationTests]: using defaults.
10:33:27.138 [Test worker] INFO org.springframework.boot.test.context.SpringBootTestContextBootstrapper - Loaded default TestExecutionListener class names from location [META-INF/spring.factories]: [org.springframework.boot.test.autoconfigure.restdocs.RestDocsTestExecutionListener, org.springframework.boot.test.autoconfigure.web.client.MockRestServiceServerResetTestExecutionListener, org.springframework.boot.test.autoconfigure.web.servlet.MockMvcPrintOnlyOnFailureTestExecutionListener, org.springframework.boot.test.autoconfigure.web.servlet.WebDriverTestExecutionListener, org.springframework.boot.test.autoconfigure.webservices.client.MockWebServiceServerTestExecutionListener, org.springframework.boot.test.mock.mockito.MockitoTestExecutionListener, org.springframework.boot.test.mock.mockito.ResetMocksTestExecutionListener, org.springframework.test.context.web.ServletTestExecutionListener, org.springframework.test.context.support.DirtiesContextBeforeModesTestExecutionListener, org.springframework.test.context.support.DependencyInjectionTestExecutionListener, org.springframework.test.context.support.DirtiesContextTestExecutionListener, org.springframework.test.context.transaction.TransactionalTestExecutionListener, org.springframework.test.context.jdbc.SqlScriptsTestExecutionListener, org.springframework.test.context.event.EventPublishingTestExecutionListener]
10:33:27.153 [Test worker] DEBUG org.springframework.boot.test.context.SpringBootTestContextBootstrapper - Skipping candidate TestExecutionListener [org.springframework.test.context.transaction.TransactionalTestExecutionListener] due to a missing dependency. Specify custom listener classes or make the default listener classes and their required dependencies available. Offending class: [org/springframework/transaction/interceptor/TransactionAttributeSource]
10:33:27.155 [Test worker] DEBUG org.springframework.boot.test.context.SpringBootTestContextBootstrapper - Skipping candidate TestExecutionListener [org.springframework.test.context.jdbc.SqlScriptsTestExecutionListener] due to a missing dependency. Specify custom listener classes or make the default listener classes and their required dependencies available. Offending class: [org/springframework/transaction/interceptor/TransactionAttribute]
10:33:27.156 [Test worker] INFO org.springframework.boot.test.context.SpringBootTestContextBootstrapper - Using TestExecutionListeners: [org.springframework.test.context.web.ServletTestExecutionListener@1e2b3c59, org.springframework.test.context.support.DirtiesContextBeforeModesTestExecutionListener@1ec2df2f, org.springframework.boot.test.mock.mockito.MockitoTestExecutionListener@2ad9742f, org.springframework.boot.test.autoconfigure.SpringBootDependencyInjectionTestExecutionListener@39a5e6c4, org.springframework.test.context.support.DirtiesContextTestExecutionListener@7e2bdc5d, org.springframework.test.context.event.EventPublishingTestExecutionListener@76984f10, org.springframework.boot.test.autoconfigure.restdocs.RestDocsTestExecutionListener@170125e0, org.springframework.boot.test.autoconfigure.web.client.MockRestServiceServerResetTestExecutionListener@1847202, org.springframework.boot.test.autoconfigure.web.servlet.MockMvcPrintOnlyOnFailureTestExecutionListener@216d8f5b, org.springframework.boot.test.autoconfigure.web.servlet.WebDriverTestExecutionListener@15b9a4a9, org.springframework.boot.test.autoconfigure.webservices.client.MockWebServiceServerTestExecutionListener@b89addb, org.springframework.boot.test.mock.mockito.ResetMocksTestExecutionListener@29bfdaca]
10:33:27.160 [Test worker] DEBUG org.springframework.test.context.support.AbstractDirtiesContextTestExecutionListener - Before test class: context [DefaultTestContext@3c8b0bdc testClass = PracticeApplicationTests, testInstance = [null], testMethod = [null], testException = [null], mergedContextConfiguration = [WebMergedContextConfiguration@7db3f994 testClass = PracticeApplicationTests, locations = '{}', classes = '{class com.SEA.practice.PracticeApplication}', contextInitializerClasses = '[]', activeProfiles = '{}', propertySourceLocations = '{}', propertySourceProperties = '{org.springframework.boot.test.context.SpringBootTestContextBootstrapper=true}', contextCustomizers = set[org.springframework.boot.test.autoconfigure.properties.PropertyMappingContextCustomizer@0, org.springframework.boot.test.autoconfigure.web.servlet.WebDriverContextCustomizerFactory$Customizer@52887334, org.springframework.boot.test.context.filter.ExcludeFilterContextCustomizer@5b74578d, org.springframework.boot.test.json.DuplicateJsonObjectContextCustomizerFactory$DuplicateJsonObjectContextCustomizer@42a89dab, org.springframework.boot.test.mock.mockito.MockitoContextCustomizer@0, org.springframework.boot.test.web.client.TestRestTemplateContextCustomizer@15c8ef8c, org.springframework.boot.test.context.SpringBootTestArgs@1], resourceBasePath = 'src/main/webapp', contextLoader = 'org.springframework.boot.test.context.SpringBootContextLoader', parent = [null]], attributes = map['org.springframework.test.context.web.ServletTestExecutionListener.activateListener' -> true]], class annotated with @DirtiesContext [false] with mode [null].
10:33:27.190 [Test worker] DEBUG org.springframework.test.context.support.TestPropertySourceUtils - Adding inlined properties to environment: {spring.jmx.enabled=false, org.springframework.boot.test.context.SpringBootTestContextBootstrapper=true}

  .   ____          _            __ _ _
 /\\ / ___'_ __ _ _(_)_ __  __ _ \ \ \ \
( ( )\___ | '_ | '_| | '_ \/ _` | \ \ \ \
 \\/  ___)| |_)| | | | | || (_| |  ) ) ) )
  '  |____| .__|_| |_|_| |_\__, | / / / /
 =========|_|==============|___/=/_/_/_/
 :: Spring Boot ::        (v2.3.2.RELEASE)

2020-08-11 10:33:27.648  INFO 1825 --- [    Test worker] c.SEA.practice.PracticeApplicationTests  : Starting PracticeApplicationTests on yichis-MacBook-Pro.local with PID 1825 (started by zycsustc in /Users/zycsustc/workspace/practice)
2020-08-11 10:33:27.649  INFO 1825 --- [    Test worker] c.SEA.practice.PracticeApplicationTests  : No active profile set, falling back to default profiles: default
2020-08-11 10:33:28.646  INFO 1825 --- [    Test worker] o.s.s.concurrent.ThreadPoolTaskExecutor  : Initializing ExecutorService 'applicationTaskExecutor'
2020-08-11 10:33:28.895  INFO 1825 --- [    Test worker] c.SEA.practice.PracticeApplicationTests  : Started PracticeApplicationTests in 1.691 seconds (JVM running for 2.92)
]]></system-out>
  <system-err><![CDATA[]]></system-err>
</testsuite>
