<?xml version="1.0" encoding="UTF-8"?>
<testsuite name="com.SEA.practice.PracticeApplicationTests" tests="11" skipped="0" failures="0" errors="0" timestamp="2020-08-12T14:09:07" hostname="yichis-MacBook-Pro.local" time="0.4">
  <properties/>
  <testcase name="shouldFindAllPathsFromCtoCWithMaxDistance30()" classname="com.SEA.practice.PracticeApplicationTests" time="0.369"/>
  <testcase name="shouldReturnRouteNotFoundMessageExactlyAtoEtoD()" classname="com.SEA.practice.PracticeApplicationTests" time="0.003"/>
  <testcase name="shouldFindAllPathsFromAtoCWithFourStops()" classname="com.SEA.practice.PracticeApplicationTests" time="0.002"/>
  <testcase name="shouldReturnPathDistanceExactlyAtoBtoC()" classname="com.SEA.practice.PracticeApplicationTests" time="0.002"/>
  <testcase name="shouldReturnPathDistanceExactlyAtoDtoC()" classname="com.SEA.practice.PracticeApplicationTests" time="0.002"/>
  <testcase name="shouldReturnShortestDistanceFromAtoC()" classname="com.SEA.practice.PracticeApplicationTests" time="0.003"/>
  <testcase name="shouldReturnShortestDistanceFromBtoB()" classname="com.SEA.practice.PracticeApplicationTests" time="0.002"/>
  <testcase name="shouldReturnPathDistanceExactlyAtoD()" classname="com.SEA.practice.PracticeApplicationTests" time="0.002"/>
  <testcase name="shouldTest()" classname="com.SEA.practice.PracticeApplicationTests" time="0.002"/>
  <testcase name="shouldReturnPathDistanceExactlyAtoEtoBtoCtoD()" classname="com.SEA.practice.PracticeApplicationTests" time="0.001"/>
  <testcase name="shouldReturnNumberOfRoutesFromCtoCWithMaximumThreeStops()" classname="com.SEA.practice.PracticeApplicationTests" time="0.002"/>
  <system-out><![CDATA[22:09:05.222 [Test worker] DEBUG org.springframework.test.context.BootstrapUtils - Instantiating CacheAwareContextLoaderDelegate from class [org.springframework.test.context.cache.DefaultCacheAwareContextLoaderDelegate]
22:09:05.233 [Test worker] DEBUG org.springframework.test.context.BootstrapUtils - Instantiating BootstrapContext using constructor [public org.springframework.test.context.support.DefaultBootstrapContext(java.lang.Class,org.springframework.test.context.CacheAwareContextLoaderDelegate)]
22:09:05.263 [Test worker] DEBUG org.springframework.test.context.BootstrapUtils - Instantiating TestContextBootstrapper for test class [com.SEA.practice.PracticeApplicationTests] from class [org.springframework.boot.test.context.SpringBootTestContextBootstrapper]
22:09:05.279 [Test worker] INFO org.springframework.boot.test.context.SpringBootTestContextBootstrapper - Neither @ContextConfiguration nor @ContextHierarchy found for test class [com.SEA.practice.PracticeApplicationTests], using SpringBootContextLoader
22:09:05.283 [Test worker] DEBUG org.springframework.test.context.support.AbstractContextLoader - Did not detect default resource location for test class [com.SEA.practice.PracticeApplicationTests]: class path resource [com/SEA/practice/PracticeApplicationTests-context.xml] does not exist
22:09:05.284 [Test worker] DEBUG org.springframework.test.context.support.AbstractContextLoader - Did not detect default resource location for test class [com.SEA.practice.PracticeApplicationTests]: class path resource [com/SEA/practice/PracticeApplicationTestsContext.groovy] does not exist
22:09:05.285 [Test worker] INFO org.springframework.test.context.support.AbstractContextLoader - Could not detect default resource locations for test class [com.SEA.practice.PracticeApplicationTests]: no resource found for suffixes {-context.xml, Context.groovy}.
22:09:05.286 [Test worker] INFO org.springframework.test.context.support.AnnotationConfigContextLoaderUtils - Could not detect default configuration classes for test class [com.SEA.practice.PracticeApplicationTests]: PracticeApplicationTests does not declare any static, non-private, non-final, nested classes annotated with @Configuration.
22:09:05.327 [Test worker] DEBUG org.springframework.test.context.support.ActiveProfilesUtils - Could not find an 'annotation declaring class' for annotation type [org.springframework.test.context.ActiveProfiles] and class [com.SEA.practice.PracticeApplicationTests]
22:09:05.382 [Test worker] DEBUG org.springframework.context.annotation.ClassPathScanningCandidateComponentProvider - Identified candidate component class: file [/Users/zycsustc/workspace/shortestDistance/build/classes/java/main/com/SEA/practice/PracticeApplication.class]
22:09:05.396 [Test worker] INFO org.springframework.boot.test.context.SpringBootTestContextBootstrapper - Found @SpringBootConfiguration com.SEA.practice.PracticeApplication for test class com.SEA.practice.PracticeApplicationTests
22:09:05.478 [Test worker] DEBUG org.springframework.boot.test.context.SpringBootTestContextBootstrapper - @TestExecutionListeners is not present for class [com.SEA.practice.PracticeApplicationTests]: using defaults.
22:09:05.479 [Test worker] INFO org.springframework.boot.test.context.SpringBootTestContextBootstrapper - Loaded default TestExecutionListener class names from location [META-INF/spring.factories]: [org.springframework.boot.test.autoconfigure.restdocs.RestDocsTestExecutionListener, org.springframework.boot.test.autoconfigure.web.client.MockRestServiceServerResetTestExecutionListener, org.springframework.boot.test.autoconfigure.web.servlet.MockMvcPrintOnlyOnFailureTestExecutionListener, org.springframework.boot.test.autoconfigure.web.servlet.WebDriverTestExecutionListener, org.springframework.boot.test.autoconfigure.webservices.client.MockWebServiceServerTestExecutionListener, org.springframework.boot.test.mock.mockito.MockitoTestExecutionListener, org.springframework.boot.test.mock.mockito.ResetMocksTestExecutionListener, org.springframework.test.context.web.ServletTestExecutionListener, org.springframework.test.context.support.DirtiesContextBeforeModesTestExecutionListener, org.springframework.test.context.support.DependencyInjectionTestExecutionListener, org.springframework.test.context.support.DirtiesContextTestExecutionListener, org.springframework.test.context.transaction.TransactionalTestExecutionListener, org.springframework.test.context.jdbc.SqlScriptsTestExecutionListener, org.springframework.test.context.event.EventPublishingTestExecutionListener]
22:09:05.490 [Test worker] DEBUG org.springframework.boot.test.context.SpringBootTestContextBootstrapper - Skipping candidate TestExecutionListener [org.springframework.test.context.transaction.TransactionalTestExecutionListener] due to a missing dependency. Specify custom listener classes or make the default listener classes and their required dependencies available. Offending class: [org/springframework/transaction/interceptor/TransactionAttributeSource]
22:09:05.490 [Test worker] DEBUG org.springframework.boot.test.context.SpringBootTestContextBootstrapper - Skipping candidate TestExecutionListener [org.springframework.test.context.jdbc.SqlScriptsTestExecutionListener] due to a missing dependency. Specify custom listener classes or make the default listener classes and their required dependencies available. Offending class: [org/springframework/transaction/interceptor/TransactionAttribute]
22:09:05.491 [Test worker] INFO org.springframework.boot.test.context.SpringBootTestContextBootstrapper - Using TestExecutionListeners: [org.springframework.test.context.web.ServletTestExecutionListener@2aac1f4f, org.springframework.test.context.support.DirtiesContextBeforeModesTestExecutionListener@109a6b07, org.springframework.boot.test.mock.mockito.MockitoTestExecutionListener@38c2d7bd, org.springframework.boot.test.autoconfigure.SpringBootDependencyInjectionTestExecutionListener@1d61fc04, org.springframework.test.context.support.DirtiesContextTestExecutionListener@57fdce80, org.springframework.test.context.event.EventPublishingTestExecutionListener@14fc452b, org.springframework.boot.test.autoconfigure.restdocs.RestDocsTestExecutionListener@3a2d0736, org.springframework.boot.test.autoconfigure.web.client.MockRestServiceServerResetTestExecutionListener@28be4dab, org.springframework.boot.test.autoconfigure.web.servlet.MockMvcPrintOnlyOnFailureTestExecutionListener@110e1ff2, org.springframework.boot.test.autoconfigure.web.servlet.WebDriverTestExecutionListener@672dc5e5, org.springframework.boot.test.autoconfigure.webservices.client.MockWebServiceServerTestExecutionListener@35eb6a81, org.springframework.boot.test.mock.mockito.ResetMocksTestExecutionListener@6f62ba82]
22:09:05.494 [Test worker] DEBUG org.springframework.test.context.support.AbstractDirtiesContextTestExecutionListener - Before test class: context [DefaultTestContext@7465eace testClass = PracticeApplicationTests, testInstance = [null], testMethod = [null], testException = [null], mergedContextConfiguration = [WebMergedContextConfiguration@29e9f760 testClass = PracticeApplicationTests, locations = '{}', classes = '{class com.SEA.practice.PracticeApplication}', contextInitializerClasses = '[]', activeProfiles = '{}', propertySourceLocations = '{}', propertySourceProperties = '{org.springframework.boot.test.context.SpringBootTestContextBootstrapper=true}', contextCustomizers = set[org.springframework.boot.test.autoconfigure.properties.PropertyMappingContextCustomizer@0, org.springframework.boot.test.autoconfigure.web.servlet.WebDriverContextCustomizerFactory$Customizer@5b74578d, org.springframework.boot.test.context.filter.ExcludeFilterContextCustomizer@94793db, org.springframework.boot.test.json.DuplicateJsonObjectContextCustomizerFactory$DuplicateJsonObjectContextCustomizer@487d71cd, org.springframework.boot.test.mock.mockito.MockitoContextCustomizer@0, org.springframework.boot.test.web.client.TestRestTemplateContextCustomizer@6ab5705c, org.springframework.boot.test.context.SpringBootTestArgs@1], resourceBasePath = 'src/main/webapp', contextLoader = 'org.springframework.boot.test.context.SpringBootContextLoader', parent = [null]], attributes = map['org.springframework.test.context.web.ServletTestExecutionListener.activateListener' -> true]], class annotated with @DirtiesContext [false] with mode [null].
22:09:05.522 [Test worker] DEBUG org.springframework.test.context.support.TestPropertySourceUtils - Adding inlined properties to environment: {spring.jmx.enabled=false, org.springframework.boot.test.context.SpringBootTestContextBootstrapper=true}

  .   ____          _            __ _ _
 /\\ / ___'_ __ _ _(_)_ __  __ _ \ \ \ \
( ( )\___ | '_ | '_| | '_ \/ _` | \ \ \ \
 \\/  ___)| |_)| | | | | || (_| |  ) ) ) )
  '  |____| .__|_| |_|_| |_\__, | / / / /
 =========|_|==============|___/=/_/_/_/
 :: Spring Boot ::        (v2.3.2.RELEASE)

2020-08-12 22:09:05.829  INFO 13021 --- [    Test worker] c.SEA.practice.PracticeApplicationTests  : Starting PracticeApplicationTests on yichis-MBP with PID 13021 (started by zycsustc in /Users/zycsustc/workspace/shortestDistance)
2020-08-12 22:09:05.831  INFO 13021 --- [    Test worker] c.SEA.practice.PracticeApplicationTests  : No active profile set, falling back to default profiles: default
Test Data ready!
Test Data ready!
2020-08-12 22:09:06.816  INFO 13021 --- [    Test worker] o.s.s.concurrent.ThreadPoolTaskExecutor  : Initializing ExecutorService 'applicationTaskExecutor'
2020-08-12 22:09:07.057  INFO 13021 --- [    Test worker] c.SEA.practice.PracticeApplicationTests  : Started PracticeApplicationTests in 1.522 seconds (JVM running for 2.627)
null met
]]></system-out>
  <system-err><![CDATA[]]></system-err>
</testsuite>
